1608967957977	geckodriver	INFO	Listening on 127.0.0.1:64045
1608967957995	mozrunner::runner	INFO	Running command: "/Applications/Firefox.app/Contents/MacOS/firefox-bin" "--marionette" "-foreground" "-no-remote" "-profile" "/var/folders/4y/fb6774016mv19n7d2r02jm4r0000gn/T/rust_mozprofileZg4cav"
console.warn: SearchSettings: "get: No settings file exists, new profile?" (new Error("", "(unknown module)"))
1608967963714	Marionette	INFO	Listening on port 64056
1608967994624	geckodriver	INFO	Listening on 127.0.0.1:64103
1608967994632	mozrunner::runner	INFO	Running command: "/Applications/Firefox.app/Contents/MacOS/firefox-bin" "--marionette" "-foreground" "-no-remote" "-profile" "/var/folders/4y/fb6774016mv19n7d2r02jm4r0000gn/T/rust_mozprofileE1XURI"
console.warn: SearchSettings: "get: No settings file exists, new profile?" (new Error("", "(unknown module)"))
1608967997003	Marionette	INFO	Listening on port 64112
1608967997043	Marionette	WARN	TLS certificate errors will be ignored for this session
JavaScript warning: https://baiyingmalladmindev.lenovo.com/js/jquery-1.9.1.min.js, line 2: Using //@ to indicate sourceMappingURL pragmas is deprecated. Use //# instead
1608967997513	Marionette	WARN	Ignoring event 'DOMContentLoaded' because document has an invalid readyState of 'complete'.
JavaScript warning: https://baiyingmalladmindev.lenovo.com/js/jquery-1.9.1.min.js, line 2: Using //@ to indicate sourceMappingURL pragmas is deprecated. Use //# instead
1608967998975	Marionette	INFO	Stopped listening on port 64112
console.error: Region.jsm: "Error fetching region" (new TypeError("NetworkError when attempting to fetch resource.", ""))
console.error: Region.jsm: "Failed to fetch region" (new Error("NO_RESULT", "resource://gre/modules/Region.jsm", 376))

###!!! [Parent][RunMessage] Error: Channel closing: too late to send/recv, messages will be lost

1608968009082	Marionette	INFO	Stopped listening on port 64056

###!!! [Parent][RunMessage] Error: Channel closing: too late to send/recv, messages will be lost

1608968070704	geckodriver	INFO	Listening on 127.0.0.1:64184
1608968070714	mozrunner::runner	INFO	Running command: "/Applications/Firefox.app/Contents/MacOS/firefox-bin" "--marionette" "-foreground" "-no-remote" "-profile" "/var/folders/4y/fb6774016mv19n7d2r02jm4r0000gn/T/rust_mozprofile0KQjt9"
console.warn: SearchSettings: "get: No settings file exists, new profile?" (new Error("", "(unknown module)"))
1608968072892	Marionette	INFO	Listening on port 64193
1608968072999	Marionette	WARN	TLS certificate errors will be ignored for this session
JavaScript warning: https://baiyingmalladmindev.lenovo.com/js/jquery-1.9.1.min.js, line 2: Using //@ to indicate sourceMappingURL pragmas is deprecated. Use //# instead
1608968073421	Marionette	WARN	Ignoring event 'DOMContentLoaded' because document has an invalid readyState of 'complete'.
JavaScript warning: https://baiyingmalladmindev.lenovo.com/js/jquery-1.9.1.min.js, line 2: Using //@ to indicate sourceMappingURL pragmas is deprecated. Use //# instead
1608968074898	Marionette	INFO	Stopped listening on port 64193
JavaScript error: resource://activity-stream/lib/ASRouter.jsm, line 987: NS_ERROR_ILLEGAL_VALUE: Component returned failure code: 0x80070057 (NS_ERROR_ILLEGAL_VALUE) [nsIObserverService.removeObserver]

###!!! [Parent][RunMessage] Error: Channel closing: too late to send/recv, messages will be lost

1609122140988	geckodriver	INFO	Listening on 127.0.0.1:61194
1609122141006	mozrunner::runner	INFO	Running command: "/Applications/Firefox.app/Contents/MacOS/firefox-bin" "--marionette" "-foreground" "-no-remote" "-profile" "/var/folders/4y/fb6774016mv19n7d2r02jm4r0000gn/T/rust_mozprofilerA8JRb"
console.warn: SearchSettings: "get: No settings file exists, new profile?" (new Error("", "(unknown module)"))
1609122143615	Marionette	INFO	Listening on port 61203
1609122143717	Marionette	WARN	TLS certificate errors will be ignored for this session
JavaScript warning: https://baiyingmalladmindev.lenovo.com/js/jquery-1.9.1.min.js, line 2: Using //@ to indicate sourceMappingURL pragmas is deprecated. Use //# instead
1609122144482	Marionette	WARN	Ignoring event 'DOMContentLoaded' because document has an invalid readyState of 'complete'.
JavaScript error: resource:///modules/FaviconLoader.jsm, line 596: InvalidStateError: JSWindowActorChild.sendAsyncMessage: JSWindowActorChild cannot send at the moment
JavaScript warning: https://baiyingmalladmindev.lenovo.com/js/jquery-1.9.1.min.js, line 2: Using //@ to indicate sourceMappingURL pragmas is deprecated. Use //# instead
1609122145790	Marionette	INFO	Stopped listening on port 61203
JavaScript error: resource://activity-stream/lib/ASRouter.jsm, line 987: NS_ERROR_ILLEGAL_VALUE: Component returned failure code: 0x80070057 (NS_ERROR_ILLEGAL_VALUE) [nsIObserverService.removeObserver]
console.warn: services.settings: main/whats-new-panel sync interrupted by shutdown

###!!! [Parent][RunMessage] Error: Channel closing: too late to send/recv, messages will be lost

1609122245722	geckodriver	INFO	Listening on 127.0.0.1:61268
1609122245732	mozrunner::runner	INFO	Running command: "/Applications/Firefox.app/Contents/MacOS/firefox-bin" "--marionette" "-foreground" "-no-remote" "-profile" "/var/folders/4y/fb6774016mv19n7d2r02jm4r0000gn/T/rust_mozprofileTUb912"
console.warn: SearchSettings: "get: No settings file exists, new profile?" (new Error("", "(unknown module)"))
1609122248059	Marionette	INFO	Listening on port 61277
1609122248119	Marionette	WARN	TLS certificate errors will be ignored for this session
JavaScript warning: https://baiyingmalladmindev.lenovo.com/js/jquery-1.9.1.min.js, line 2: Using //@ to indicate sourceMappingURL pragmas is deprecated. Use //# instead
1609122248695	Marionette	WARN	Ignoring event 'DOMContentLoaded' because document has an invalid readyState of 'complete'.
JavaScript warning: https://baiyingmalladmindev.lenovo.com/js/jquery-1.9.1.min.js, line 2: Using //@ to indicate sourceMappingURL pragmas is deprecated. Use //# instead
1609122260343	Marionette	INFO	Stopped listening on port 61277

###!!! [Parent][RunMessage] Error: Channel closing: too late to send/recv, messages will be lost

